{"/home/alberto/workspace/backstage/server/api/users/index.js":{"path":"/home/alberto/workspace/backstage/server/api/users/index.js","s":{"1":1,"2":1,"3":1,"4":1,"5":1,"6":1,"7":4,"8":4,"9":1,"10":4,"11":4,"12":0,"13":4,"14":1,"15":3,"16":1},"b":{"1":[0,4],"2":[1,3]},"f":{"1":4,"2":4,"3":4,"4":4},"fnMap":{"1":{"name":"getUsers","line":19,"loc":{"start":{"line":19,"column":0},"end":{"line":19,"column":29}}},"2":{"name":"(anonymous_2)","line":20,"loc":{"start":{"line":20,"column":15},"end":{"line":20,"column":37}}},"3":{"name":"(anonymous_3)","line":27,"loc":{"start":{"line":27,"column":21},"end":{"line":27,"column":41}}},"4":{"name":"(anonymous_4)","line":28,"loc":{"start":{"line":28,"column":10},"end":{"line":28,"column":32}}}},"statementMap":{"1":{"start":{"line":1,"column":0},"end":{"line":1,"column":34}},"2":{"start":{"line":2,"column":0},"end":{"line":2,"column":32}},"3":{"start":{"line":4,"column":0},"end":{"line":11,"column":2}},"4":{"start":{"line":13,"column":0},"end":{"line":13,"column":45}},"5":{"start":{"line":15,"column":0},"end":{"line":15,"column":29}},"6":{"start":{"line":19,"column":0},"end":{"line":23,"column":1}},"7":{"start":{"line":20,"column":1},"end":{"line":22,"column":3}},"8":{"start":{"line":21,"column":2},"end":{"line":21,"column":22}},"9":{"start":{"line":27,"column":0},"end":{"line":40,"column":2}},"10":{"start":{"line":28,"column":1},"end":{"line":39,"column":3}},"11":{"start":{"line":29,"column":2},"end":{"line":38,"column":3}},"12":{"start":{"line":31,"column":3},"end":{"line":31,"column":28}},"13":{"start":{"line":32,"column":9},"end":{"line":38,"column":3}},"14":{"start":{"line":34,"column":3},"end":{"line":34,"column":25}},"15":{"start":{"line":37,"column":3},"end":{"line":37,"column":18}},"16":{"start":{"line":121,"column":0},"end":{"line":124,"column":1}}},"branchMap":{"1":{"line":29,"type":"if","locations":[{"start":{"line":29,"column":2},"end":{"line":29,"column":2}},{"start":{"line":29,"column":2},"end":{"line":29,"column":2}}]},"2":{"line":32,"type":"if","locations":[{"start":{"line":32,"column":9},"end":{"line":32,"column":9}},{"start":{"line":32,"column":9},"end":{"line":32,"column":9}}]}}},"/home/alberto/workspace/backstage/server/server.js":{"path":"/home/alberto/workspace/backstage/server/server.js","s":{"1":1,"2":1,"3":1,"4":1,"5":1,"6":1,"7":1,"8":4,"9":4,"10":4,"11":4,"12":4,"13":1,"14":1,"15":1,"16":1,"17":1,"18":1,"19":1},"b":{"1":[1,1]},"f":{"1":4,"2":1},"fnMap":{"1":{"name":"(anonymous_1)","line":10,"loc":{"start":{"line":10,"column":8},"end":{"line":10,"column":34}}},"2":{"name":"(anonymous_2)","line":22,"loc":{"start":{"line":22,"column":30},"end":{"line":22,"column":42}}}},"statementMap":{"1":{"start":{"line":2,"column":0},"end":{"line":2,"column":32}},"2":{"start":{"line":3,"column":0},"end":{"line":3,"column":19}},"3":{"start":{"line":4,"column":0},"end":{"line":4,"column":34}},"4":{"start":{"line":5,"column":0},"end":{"line":5,"column":26}},"5":{"start":{"line":6,"column":0},"end":{"line":6,"column":39}},"6":{"start":{"line":8,"column":0},"end":{"line":8,"column":77}},"7":{"start":{"line":10,"column":0},"end":{"line":16,"column":2}},"8":{"start":{"line":11,"column":2},"end":{"line":11,"column":48}},"9":{"start":{"line":12,"column":2},"end":{"line":12,"column":54}},"10":{"start":{"line":13,"column":2},"end":{"line":13,"column":79}},"11":{"start":{"line":14,"column":2},"end":{"line":14,"column":94}},"12":{"start":{"line":15,"column":2},"end":{"line":15,"column":8}},"13":{"start":{"line":18,"column":0},"end":{"line":18,"column":26}},"14":{"start":{"line":20,"column":0},"end":{"line":20,"column":17}},"15":{"start":{"line":22,"column":0},"end":{"line":27,"column":2}},"16":{"start":{"line":23,"column":2},"end":{"line":23,"column":37}},"17":{"start":{"line":24,"column":2},"end":{"line":24,"column":34}},"18":{"start":{"line":26,"column":2},"end":{"line":26,"column":64}},"19":{"start":{"line":29,"column":0},"end":{"line":29,"column":20}}},"branchMap":{"1":{"line":8,"type":"binary-expr","locations":[{"start":{"line":8,"column":17},"end":{"line":8,"column":41}},{"start":{"line":8,"column":45},"end":{"line":8,"column":76}}]}}},"/home/alberto/workspace/backstage/server/api/index.js":{"path":"/home/alberto/workspace/backstage/server/api/index.js","s":{"1":1,"2":1,"3":1,"4":1,"5":1},"b":{},"f":{},"fnMap":{},"statementMap":{"1":{"start":{"line":1,"column":0},"end":{"line":1,"column":32}},"2":{"start":{"line":3,"column":0},"end":{"line":3,"column":32}},"3":{"start":{"line":5,"column":0},"end":{"line":5,"column":37}},"4":{"start":{"line":7,"column":0},"end":{"line":7,"column":25}},"5":{"start":{"line":9,"column":0},"end":{"line":9,"column":26}}},"branchMap":{}}}