TN:
SF:/home/alberto/workspace/backstage/server/api/users/index.js
FN:19,getUsers
FN:20,(anonymous_2)
FN:27,(anonymous_3)
FN:28,(anonymous_4)
FNF:4
FNH:4
FNDA:4,getUsers
FNDA:4,(anonymous_2)
FNDA:4,(anonymous_3)
FNDA:4,(anonymous_4)
DA:1,1
DA:2,1
DA:4,1
DA:13,1
DA:15,1
DA:19,1
DA:20,4
DA:21,4
DA:27,1
DA:28,4
DA:29,4
DA:31,0
DA:32,4
DA:34,1
DA:37,3
DA:121,1
LF:16
LH:15
BRDA:29,1,0,0
BRDA:29,1,1,4
BRDA:32,2,0,1
BRDA:32,2,1,3
BRF:4
BRH:3
end_of_record
TN:
SF:/home/alberto/workspace/backstage/server/server.js
FN:10,(anonymous_1)
FN:22,(anonymous_2)
FNF:2
FNH:2
FNDA:4,(anonymous_1)
FNDA:1,(anonymous_2)
DA:2,1
DA:3,1
DA:4,1
DA:5,1
DA:6,1
DA:8,1
DA:10,1
DA:11,4
DA:12,4
DA:13,4
DA:14,4
DA:15,4
DA:18,1
DA:20,1
DA:22,1
DA:23,1
DA:24,1
DA:26,1
DA:29,1
LF:19
LH:19
BRDA:8,1,0,1
BRDA:8,1,1,1
BRF:2
BRH:2
end_of_record
TN:
SF:/home/alberto/workspace/backstage/server/api/index.js
FNF:0
FNH:0
DA:1,1
DA:3,1
DA:5,1
DA:7,1
DA:9,1
LF:5
LH:5
BRF:0
BRH:0
end_of_record
